\BOOKMARK [-1][]{thuchapter.1.-1}{\376\377\135\345\116\032\210\305\131\007\162\266\140\001\230\204\155\113\146\250\152\041\127\213\213\255\176\303\122\240\220\037\145\271\154\325\170\024\172\166}{}% 1
\BOOKMARK [0][]{thuchapter.2.0}{\376\377\133\146\117\115\213\272\145\207\121\154\137\000\213\304\226\005\116\272\124\214\173\124\217\251\131\324\124\130\117\032\124\015\123\125}{thuchapter.1.-1}% 2
\BOOKMARK [0][]{thuchapter.3.0}{\376\377\121\163\116\216\133\146\117\115\213\272\145\207\117\177\165\050\143\210\147\103\166\204\213\364\146\016}{thuchapter.1.-1}% 3
\BOOKMARK [0][]{section*.8}{\376\377\144\130\211\201}{thuchapter.1.-1}% 4
\BOOKMARK [0][]{section*.10}{\376\377\000A\000b\000s\000t\000r\000a\000c\000t}{thuchapter.1.-1}% 5
\BOOKMARK [0][]{section*.12}{\376\377\166\356\137\125}{thuchapter.1.-1}% 6
\BOOKMARK [0][]{section*.14}{\376\377\143\322\126\376\124\214\226\104\210\150\156\005\123\125}{thuchapter.1.-1}% 7
\BOOKMARK [0][]{section*.16}{\376\377\173\046\123\367\124\214\177\051\165\145\213\355\213\364\146\016}{thuchapter.1.-1}% 8
\BOOKMARK [0][]{chapter.1}{\376\377\173\054\0001\172\340\000\040\137\025\212\000}{thuchapter.1.-1}% 9
\BOOKMARK [1][-]{section.1.1}{\376\377\0001\000.\0001\000\040\170\024\172\166\200\314\146\157\116\016\141\017\116\111}{chapter.1}% 10
\BOOKMARK [1][-]{section.1.2}{\376\377\0001\000.\0002\000\040\225\356\230\230\143\317\217\360\116\016\116\073\211\201\143\021\142\030}{chapter.1}% 11
\BOOKMARK [2][-]{subsection.1.2.1}{\376\377\0001\000.\0002\000.\0001\000\040\225\356\230\230\143\317\217\360\123\312\170\024\172\166\166\356\150\007}{section.1.2}% 12
\BOOKMARK [2][-]{subsection.1.2.2}{\376\377\0001\000.\0002\000.\0002\000\040\145\366\225\364\136\217\122\027\230\204\155\113\166\204\143\021\142\030\140\047}{section.1.2}% 13
\BOOKMARK [1][-]{section.1.3}{\376\377\0001\000.\0003\000\040\170\024\172\166\121\205\133\271\116\016\116\073\211\201\215\041\163\056}{chapter.1}% 14
\BOOKMARK [1][-]{section.1.4}{\376\377\0001\000.\0004\000\040\176\304\176\307\176\323\147\204}{chapter.1}% 15
\BOOKMARK [0][]{chapter.2}{\376\377\173\054\0002\172\340\000\040\126\375\121\205\131\026\170\024\172\166\163\260\162\266}{thuchapter.1.-1}% 16
\BOOKMARK [1][-]{section.2.1}{\376\377\0002\000.\0001\000\040\137\025\212\000}{chapter.2}% 17
\BOOKMARK [1][-]{section.2.2}{\376\377\0002\000.\0002\000\040\145\366\225\364\136\217\122\027\230\204\155\113\145\271\154\325}{chapter.2}% 18
\BOOKMARK [2][-]{subsection.2.2.1}{\376\377\0002\000.\0002\000.\0001\000\040\145\366\225\364\136\217\122\027\230\204\155\113\136\070\165\050\152\041\127\213}{section.2.2}% 19
\BOOKMARK [2][-]{subsection.2.2.2}{\376\377\0002\000.\0002\000.\0002\000\040\143\320\232\330\230\204\155\113\145\110\147\234\145\271\154\325}{section.2.2}% 20
\BOOKMARK [1][-]{section.2.3}{\376\377\0002\000.\0003\000\040\133\371\145\366\225\364\136\217\122\027\152\041\127\213\166\204\213\255\176\303\122\240\220\037}{chapter.2}% 21
\BOOKMARK [2][-]{subsection.2.3.1}{\376\377\0002\000.\0003\000.\0001\000\040\152\041\127\213\213\255\176\303\122\240\220\037\145\271\154\325\170\024\172\166\163\260\162\266}{section.2.3}% 22
\BOOKMARK [2][-]{subsection.2.3.2}{\376\377\0002\000.\0003\000.\0002\000\040\173\133\220\011\147\011\145\110\150\067\147\054\377\010\221\315\211\201\140\047\221\307\150\067\377\011}{section.2.3}% 23
\BOOKMARK [2][-]{subsection.2.3.3}{\376\377\0002\000.\0003\000.\0003\000\040\221\315\211\201\140\047\221\307\150\067\116\313\176\315}{section.2.3}% 24
\BOOKMARK [0][]{chapter.3}{\376\377\173\054\0003\172\340\000\040\145\366\225\364\136\217\122\027\145\160\143\156\122\006\147\220\116\016\131\004\164\006}{thuchapter.1.-1}% 25
\BOOKMARK [1][-]{section.3.1}{\376\377\0003\000.\0001\000\040\137\025\212\000}{chapter.3}% 26
\BOOKMARK [1][-]{section.3.2}{\376\377\0003\000.\0002\000\040\145\160\143\156\123\312\213\304\116\367\143\007\150\007\213\364\146\016}{chapter.3}% 27
\BOOKMARK [2][-]{subsubsection*.29}{\376\377\165\065\177\121\145\160\143\156\213\364\146\016}{section.3.2}% 28
\BOOKMARK [3][-]{subsubsection*.31}{\376\377\122\027\217\146\215\160\210\114\220\350\145\160\143\156\213\364\146\016}{subsubsection*.29}% 29
\BOOKMARK [3][-]{subsubsection*.33}{\376\377\213\304\116\367\143\007\150\007}{subsubsection*.29}% 30
\BOOKMARK [1][-]{section.3.3}{\376\377\0003\000.\0003\000\040\145\160\143\156\162\171\160\271\122\006\147\220}{chapter.3}% 31
\BOOKMARK [2][-]{subsection.3.3.1}{\376\377\0003\000.\0003\000.\0001\000\040\135\345\116\032\210\305\131\007\162\266\140\001\145\160\143\156\162\171\160\271}{section.3.3}% 32
\BOOKMARK [3][-]{subsubsection*.34}{\376\377\165\065\177\121\145\160\143\156\162\171\160\271}{subsection.3.3.1}% 33
\BOOKMARK [3][-]{subsubsection*.35}{\376\377\122\027\217\146\217\164\156\051\145\160\143\156\162\171\160\271}{subsection.3.3.1}% 34
\BOOKMARK [2][-]{subsection.3.3.2}{\376\377\0003\000.\0003\000.\0002\000\040\145\366\225\364\136\217\122\027\145\160\143\156\136\163\172\063\140\047\122\006\147\220}{section.3.3}% 35
\BOOKMARK [1][-]{section.3.4}{\376\377\0003\000.\0004\000\040\145\160\143\156\230\204\131\004\164\006}{chapter.3}% 36
\BOOKMARK [2][-]{subsection.3.4.1}{\376\377\0003\000.\0004\000.\0001\000\040\145\160\143\156\133\374\121\145\123\312\156\005\155\027}{section.3.4}% 37
\BOOKMARK [2][-]{subsection.3.4.2}{\376\377\0003\000.\0004\000.\0002\000\040\145\160\143\156\221\315\221\307\150\067}{section.3.4}% 38
\BOOKMARK [2][-]{subsection.3.4.3}{\376\377\0003\000.\0004\000.\0003\000\040\145\160\143\156\122\006\153\265}{section.3.4}% 39
\BOOKMARK [2][-]{subsection.3.4.4}{\376\377\0003\000.\0004\000.\0004\000\040\145\164\164\006\145\160\143\156\210\150\136\166\220\032\217\307\156\321\122\250\172\227\123\343\123\326\152\041\127\213\217\223\121\145}{section.3.4}% 40
\BOOKMARK [2][-]{subsection.3.4.5}{\376\377\0003\000.\0004\000.\0005\000\040\145\160\143\156\150\007\121\306\123\026}{section.3.4}% 41
\BOOKMARK [2][-]{subsection.3.4.6}{\376\377\0003\000.\0004\000.\0006\000\040\116\015\124\014\136\217\122\027\122\022\122\006\145\271\137\017}{section.3.4}% 42
\BOOKMARK [1][-]{section.3.5}{\376\377\0003\000.\0005\000\040\133\236\232\214\163\257\130\203}{chapter.3}% 43
\BOOKMARK [2][-]{subsection.3.5.1}{\376\377\0003\000.\0005\000.\0001\000\040\133\236\232\214\213\364\146\016}{section.3.5}% 44
\BOOKMARK [2][-]{subsection.3.5.2}{\376\377\0003\000.\0005\000.\0002\000\040\220\011\165\050\000T\000e\000n\000s\000o\000r\000f\000l\000o\000w\0002\177\026\121\231\166\204\117\030\122\277}{section.3.5}% 45
\BOOKMARK [1][-]{section.3.6}{\376\377\0003\000.\0006\000\040\147\054\172\340\134\017\176\323}{chapter.3}% 46
\BOOKMARK [0][]{chapter.4}{\376\377\173\054\0004\172\340\000\040\135\345\116\032\210\305\131\007\162\266\140\001\230\204\155\113}{thuchapter.1.-1}% 47
\BOOKMARK [1][-]{section.4.1}{\376\377\0004\000.\0001\000\040\137\025\212\000}{chapter.4}% 48
\BOOKMARK [1][-]{section.4.2}{\376\377\0004\000.\0002\000\040\135\345\116\032\210\305\131\007\162\266\140\001\230\204\155\113\145\271\150\110}{chapter.4}% 49
\BOOKMARK [2][-]{subsection.4.2.1}{\376\377\0004\000.\0002\000.\0001\000\040\174\373\176\337\213\276\213\241}{section.4.2}% 50
\BOOKMARK [2][-]{subsection.4.2.2}{\376\377\0004\000.\0002\000.\0002\000\040\145\271\154\325\213\364\146\016}{section.4.2}% 51
\BOOKMARK [3][-]{subsubsection*.51}{\376\377\176\317\232\214\152\041\140\001\122\006\211\343\117\341\123\367\131\004\164\006}{subsection.4.2.2}% 52
\BOOKMARK [3][-]{subsubsection*.53}{\376\377\133\371\232\330\117\116\230\221\145\160\143\156\116\015\124\014\221\307\150\067\230\221\163\207}{subsection.4.2.2}% 53
\BOOKMARK [3][-]{subsubsection*.54}{\376\377\117\177\165\050\000L\000a\000y\000e\000r\000\040\000N\000o\000r\000m\000a\000l\000i\000z\000a\000i\000t\000o\000n}{subsection.4.2.2}% 54
\BOOKMARK [3][-]{subsubsection*.55}{\376\377\116\015\124\014\145\366\225\364\136\217\122\027\230\204\155\113\166\204\152\041\127\213\145\271\150\110\133\371\153\324}{subsection.4.2.2}% 55
\BOOKMARK [3][-]{subsubsection*.56}{\376\377\201\352\177\026\170\001\126\150\127\050\162\171\137\201\143\320\123\326\116\012\166\204\136\224\165\050}{subsection.4.2.2}% 56
\BOOKMARK [3][-]{subsubsection*.58}{\376\377\226\062\153\142\217\307\142\337\124\010\166\204\173\126\165\145}{subsection.4.2.2}% 57
\BOOKMARK [2][-]{subsection.4.2.3}{\376\377\0004\000.\0002\000.\0003\000\040\116\044\171\315\116\015\124\014\166\204\162\266\140\001\230\204\155\113\145\271\154\325}{section.4.2}% 58
\BOOKMARK [1][-]{section.4.3}{\376\377\0004\000.\0003\000\040\133\236\232\214\176\323\147\234}{chapter.4}% 59
\BOOKMARK [2][-]{subsection.4.3.1}{\376\377\0004\000.\0003\000.\0001\000\040\137\200\122\115\230\204\155\113\131\032\153\145\176\323\147\234}{section.4.3}% 60
\BOOKMARK [2][-]{subsection.4.3.2}{\376\377\0004\000.\0003\000.\0002\000\040\226\062\153\142\217\307\142\337\124\010\166\204\173\126\165\145\133\236\232\214\176\323\147\234}{section.4.3}% 61
\BOOKMARK [2][-]{subsection.4.3.3}{\376\377\0004\000.\0003\000.\0003\000\040\116\044\171\315\116\015\124\014\145\271\154\325\166\204\135\345\116\032\210\305\131\007\162\266\140\001\230\204\155\113\166\204\176\323\147\234}{section.4.3}% 62
\BOOKMARK [1][-]{section.4.4}{\376\377\0004\000.\0004\000\040\147\054\172\340\134\017\176\323}{chapter.4}% 63
\BOOKMARK [0][]{chapter.5}{\376\377\173\054\0005\172\340\000\040\122\051\165\050\221\315\211\201\140\047\221\307\150\067\133\371\213\255\176\303\217\307\172\013\122\240\220\037}{thuchapter.1.-1}% 64
\BOOKMARK [1][-]{section.5.1}{\376\377\0005\000.\0001\000\040\137\025\212\000}{chapter.5}% 65
\BOOKMARK [1][-]{section.5.2}{\376\377\0005\000.\0002\000\040\213\255\176\303\122\240\220\037\173\227\154\325}{chapter.5}% 66
\BOOKMARK [1][-]{section.5.3}{\376\377\0005\000.\0003\000\040\127\372\116\216\221\315\211\201\140\047\221\307\150\067\166\204\213\255\176\303\122\240\220\037\145\271\154\325\150\106\147\266\166\204\213\276\213\241}{chapter.5}% 67
\BOOKMARK [2][-]{subsection.5.3.1}{\376\377\0005\000.\0003\000.\0001\000\040\152\041\127\213\176\323\147\204\213\276\213\241}{section.5.3}% 68
\BOOKMARK [1][-]{section.5.4}{\376\377\0005\000.\0004\000\040\213\255\176\303\122\240\220\037\133\236\232\214\145\110\147\234}{chapter.5}% 69
\BOOKMARK [2][-]{subsubsection*.67}{\376\377\122\240\220\037\145\110\147\234}{section.5.4}% 70
\BOOKMARK [3][-]{subsubsection*.72}{\376\377\122\240\220\037\145\110\147\234\166\204\172\063\133\232\140\047}{subsubsection*.67}% 71
\BOOKMARK [1][-]{section.5.5}{\376\377\0005\000.\0005\000\040\147\054\172\340\134\017\176\323}{chapter.5}% 72
\BOOKMARK [0][]{chapter.6}{\376\377\173\054\0006\172\340\000\040\140\073\176\323\116\016\134\125\147\033}{thuchapter.1.-1}% 73
\BOOKMARK [1][-]{section.6.1}{\376\377\0006\000.\0001\000\040\147\054\145\207\140\073\176\323}{chapter.6}% 74
\BOOKMARK [1][-]{section.6.2}{\376\377\0006\000.\0002\000\040\147\052\147\145\134\125\147\033}{chapter.6}% 75
\BOOKMARK [0][]{section*.74}{\376\377\123\302\200\003\145\207\163\056}{thuchapter.1.-1}% 76
\BOOKMARK [0][]{appendix.A}{\376\377\226\104\137\125\000\040\000A\000\040\210\145\121\105\121\205\133\271}{thuchapter.1.-1}% 77
\BOOKMARK [1][-]{section.A.1}{\376\377\000A\000.\0001\000\040\165\065\177\121\145\160\143\156\210\145\121\105\213\364\146\016}{appendix.A}% 78
\BOOKMARK [0][]{section*.77}{\376\377\201\364\214\042}{thuchapter.1.-1}% 79
\BOOKMARK [0][]{section*.79}{\376\377\130\360\146\016}{thuchapter.1.-1}% 80
\BOOKMARK [0][]{section*.81}{\376\377\116\052\116\272\173\200\123\206\060\001\127\050\133\146\147\037\225\364\133\214\142\020\166\204\166\370\121\163\133\146\147\057\142\020\147\234}{thuchapter.1.-1}% 81
\BOOKMARK [0][]{appendix*.86}{\376\377\143\007\133\374\145\131\136\010\133\146\147\057\213\304\213\355}{thuchapter.1.-1}% 82
\BOOKMARK [0][]{appendix*.87}{\376\377\173\124\217\251\131\324\124\130\117\032\121\263\213\256\116\146}{thuchapter.1.-1}% 83
